testIOD_KF.obj : error LNK2005: ya se definió _all_tests en testFracc.obj
testIOD_KF.obj : error LNK2005: ya se definió _tests_run en testFracc.obj
angl.obj : error LNK2019: símbolo externo _signF sin resolver al que se hace referencia en la función _angl
doubler.obj : error LNK2019: símbolo externo _vectorPorConst sin resolver al que se hace referencia en la función _doubler
doubler.obj : error LNK2019: símbolo externo _cross sin resolver al que se hace referencia en la función _doubler
elements.obj : error LNK2001: símbolo externo _cross sin resolver
hgibbs.obj : error LNK2019: símbolo externo _crossProd sin resolver al que se hace referencia en la función _hgibbs
MeasUpdate.obj : error LNK2001: símbolo externo _crossProd sin resolver
JPL_Eph_DE430.obj : error LNK2019: símbolo externo _find1 sin resolver al que se hace referencia en la función _JPL_Eph_DE430
MeasUpdate.obj : error LNK2019: símbolo externo _vec_x_esc sin resolver al que se hace referencia en la función _MeasUpdate
ode_test.obj : error LNK2019: símbolo externo _ode sin resolver al que se hace referencia en la función _test01
testIOD_KF.obj : error LNK2019: símbolo externo _NutMat sin resolver al que se hace referencia en la función _NutMatrix_01
C:\Users\usuariolocal\Desktop\Portafolio Taller\Proyecto\Micodigo\efk\Debug\efk.exe : fatal error LNK1120: 8 externos sin resolver
